<?xml version="1.0" encoding="UTF-8"?>
<testng-results ignored="0" total="1" passed="1" failed="0" skipped="0">
  <reporter-output>
  </reporter-output>
  <suite started-at="2022-09-15T20:46:11Z" name="Default suite" finished-at="2022-09-15T20:46:29Z" duration-ms="18373">
    <groups>
    </groups>
    <test started-at="2022-09-15T20:46:11Z" name="Default test" finished-at="2022-09-15T20:46:29Z" duration-ms="18373">
      <class name="com.testNGappTestcases.LoginTest">
        <test-method signature="LoginApp()[pri:0, instance:com.testNGappTestcases.LoginTest@173ed316]" started-at="2022-09-16T02:16:11Z" name="LoginApp" finished-at="2022-09-16T02:16:29Z" duration-ms="18352" status="PASS">
          <reporter-output>
          </reporter-output>
        </test-method> <!-- LoginApp -->
      </class> <!-- com.testNGappTestcases.LoginTest -->
    </test> <!-- Default test -->
  </suite> <!-- Default suite -->
</testng-results>
